<?xml version="1.0" encoding="UTF-8"?>
<!-- Generated by org.testng.reporters.JUnitReportReporter -->
<testsuite hostname="DESKTOP-4OKG3L1" failures="0" tests="1" name="comcast.SDET29.Demo" time="0.014" errors="0" timestamp="2022-01-24T17:55:33 IST" skipped="0">
  <testcase classname="comcast.SDET29.Demo" name="Test" time="0.014"/>
  <system-out/>
</testsuite> <!-- comcast.SDET29.Demo -->
